C51 COMPILER V9.01   ROCKINGSTICK                                                          09/28/2019 23:23:31 PAGE 1   


C51 COMPILER V9.01, COMPILATION OF MODULE ROCKINGSTICK
OBJECT MODULE PLACED IN RockingStick.OBJ
COMPILER INVOKED BY: F:\App\keil\C51\BIN\C51.EXE RockingStick.c BROWSE DEBUG OBJECTEXTEND

line level    source

   1          #include<reg52.h>
   2          #define uchar unsigned char
   3          #define uint unsigned int
   4          sbit vertical_key = P1^0;                  
   5          sbit level_key = P1^1;
   6          unsigned char code text[]={
   7          /*--  文字:  L  --*/
   8          /*--  宋体12;  此字体下对应的点阵为：宽x高=8x16   --*/
   9          0x10,0x1F,0x10,0x00,0x00,0x00,0x00,0x00,0x04,0xFC,0x04,0x04,0x04,0x04,0x0C,0x00,
  10          
  11          /*--  文字:  O  --*/
  12          /*--  宋体12;  此字体下对应的点阵为：宽x高=8x16   --*/
  13          0x07,0x08,0x10,0x10,0x10,0x08,0x07,0x00,0xF0,0x08,0x04,0x04,0x04,0x08,0xF0,0x00,
  14          
  15          /*--  文字:  V  --*/
  16          /*--  宋体12;  此字体下对应的点阵为：宽x高=8x16   --*/
  17          0x10,0x1E,0x11,0x00,0x00,0x13,0x1C,0x10,0x00,0x00,0xE0,0x1C,0x70,0x80,0x00,0x00,
  18          
  19          /*--  文字:  E  --*/
  20          /*--  宋体12;  此字体下对应的点阵为：宽x高=8x16   --*/
  21          0x10,0x1F,0x11,0x11,0x17,0x10,0x08,0x00,0x04,0xFC,0x04,0x04,0xC4,0x04,0x18,0x00,
  22          
  23          
  24          };
  25          
  26          void setP0(uchar num){
  27   1              uchar i=0,num1=0;
  28   1              for(;i<8;i++){
  29   2                      num1*=2;
  30   2                      num1+=num%2;
  31   2                      num/=2;
  32   2              }
  33   1              P0=num1;
  34   1      }
  35          void setP2(uchar num){
  36   1              P2=num;
  37   1      }
  38          void setLed(uint num){
  39   1              P0=num%0xff;
  40   1              P2=num/0xff;
  41   1      }
  42          void delayUs(unsigned char d){
  43   1              while(--d);
  44   1      }
  45          
  46          void delayMs(unsigned char d){
  47   1              while(d--){
  48   2                      delayUs(248);
  49   2                      delayUs(248);
  50   2              }
  51   1      }
  52          void main(){
  53   1              uchar i,j,le,ver;
  54   1              P2=0x00;
  55   1              P0=0x00;
C51 COMPILER V9.01   ROCKINGSTICK                                                          09/28/2019 23:23:31 PAGE 2   

  56   1              if(level_key)le=1;else le=0;
  57   1              if(vertical_key)ver=1;else ver=0;       
  58   1              while(1){
  59   2                      while(1){
  60   3                              if(level_key&&!vertical_key){
  61   4                                      delayUs(100);
  62   4                                      if(!level_key)
  63   4                                      break;
  64   4                              }
  65   3                      }
  66   2                      delayMs(50);
  67   2                      for(i=0;i<sizeof(text)/16;i++)
  68   2                              for(j=0;j<8;j++){
  69   3                                      setP0(text[i*16+j]);
  70   3                                      setP2(text[i*16+j+8]);
  71   3                                      delayMs(2);
  72   3                              }
  73   2              }
  74   1      }


MODULE INFORMATION:   STATIC OVERLAYABLE
   CODE SIZE        =    203    ----
   CONSTANT SIZE    =     64    ----
   XDATA SIZE       =   ----    ----
   PDATA SIZE       =   ----    ----
   DATA SIZE        =   ----    ----
   IDATA SIZE       =   ----    ----
   BIT SIZE         =   ----    ----
END OF MODULE INFORMATION.


C51 COMPILATION COMPLETE.  0 WARNING(S),  0 ERROR(S)
