C51 COMPILER V9.01   ROCKINGSTICK                                                          09/28/2019 15:20:41 PAGE 1   


C51 COMPILER V9.01, COMPILATION OF MODULE ROCKINGSTICK
OBJECT MODULE PLACED IN RockingStick.OBJ
COMPILER INVOKED BY: F:\App\keil\C51\BIN\C51.EXE RockingStick.c BROWSE DEBUG OBJECTEXTEND

line level    source

   1          #include<reg52.h>
   2          //#define uchar undigned char
   3          #define uint unsigned int
   4          
   5          void setLed(uint num){
   6   1              P0=num%0xff;
   7   1              P2=num/0xff;
   8   1      }
   9          void delayUs(unsigned char d){
  10   1              while(--d);
  11   1      }
  12          
  13          void delayMs(unsigned char d){
  14   1              while(d--){
  15   2                      delayUs(248);
  16   2                      delayUs(248);
  17   2              }
  18   1      }
  19          void main(){
  20   1              uint num,d=1;
  21   1              P2=0x00;
  22   1              P0=0x00;
  23   1              while(1){
  24   2                      for(num=0x01;num<=0x80;num<<=1){
  25   3                              P0=num;
  26   3                              delayMs(d);
  27   3                      }
  28   2                      P0=0x00;
  29   2                      for(num=0x80;num>0x01;num>>=1){
  30   3                              P2=num;
  31   3                              delayMs(d);
  32   3                      }
  33   2                      P2=0x00;
  34   2              }
  35   1      }


MODULE INFORMATION:   STATIC OVERLAYABLE
   CODE SIZE        =    124    ----
   CONSTANT SIZE    =   ----    ----
   XDATA SIZE       =   ----    ----
   PDATA SIZE       =   ----    ----
   DATA SIZE        =   ----    ----
   IDATA SIZE       =   ----    ----
   BIT SIZE         =   ----    ----
END OF MODULE INFORMATION.


C51 COMPILATION COMPLETE.  0 WARNING(S),  0 ERROR(S)
