C51 COMPILER V9.01   ROCKINGSTICK                                                          09/28/2019 17:37:04 PAGE 1   


C51 COMPILER V9.01, COMPILATION OF MODULE ROCKINGSTICK
OBJECT MODULE PLACED IN RockingStick.OBJ
COMPILER INVOKED BY: F:\App\keil\C51\BIN\C51.EXE RockingStick.c BROWSE DEBUG OBJECTEXTEND

line level    source

   1          #include<reg52.h>
   2          #define uchar unsigned char
   3          #define uint unsigned int
   4          sbit vertical_key = P1^0;                  
   5          sbit level_key = P1^1;
   6          unsigned char code text[]={
   7          /*--  文字:  o  --*/
   8          /*--  宋体12;  此字体下对应的点阵为：宽x高=8x16   --*/
   9          0x00,0x00,0x01,0x01,0x01,0x01,0x00,0x00,0x00,0xF8,0x04,0x04,0x04,0x04,0xF8,0x00,
  10          
  11          /*--  文字:  (  --*/
  12          /*--  宋体12;  此字体下对应的点阵为：宽x高=8x16   --*/
  13          0x00,0x00,0x00,0x07,0x18,0x20,0x40,0x00,0x00,0x00,0x00,0xE0,0x18,0x04,0x02,0x00,
  14          
  15          /*--  文字:  i  --*/
  16          /*--  宋体12;  此字体下对应的点阵为：宽x高=8x16   --*/
  17          0x00,0x00,0x00,0x00,0x00,0x00,0x00,0x00,0x80,0x80,0x80,0x80,0x80,0x80,0xFF,0x80,
  18          
  19          /*--  文字:  n  --*/
  20          /*--  宋体12;  此字体下对应的点阵为：宽x高=8x16   --*/
  21          0x00,0x00,0x00,0x00,0x00,0x00,0x00,0x00,0x02,0x04,0x04,0x02,0x02,0x04,0x04,0x02,
  22          
  23          /*--  文字:  i  --*/
  24          /*--  宋体12;  此字体下对应的点阵为：宽x高=8x16   --*/
  25          0x00,0x00,0x00,0x00,0x00,0x00,0x00,0x00,0x80,0x80,0x80,0x80,0x80,0x80,0xFF,0x80,
  26          
  27          /*--  文字:  )  --*/
  28          /*--  宋体12;  此字体下对应的点阵为：宽x高=8x16   --*/
  29          0x00,0x40,0x20,0x18,0x07,0x00,0x00,0x00,0x00,0x02,0x04,0x18,0xE0,0x00,0x00,0x00,
  30          
  31          /*--  文字:  o  --*/
  32          /*--  宋体12;  此字体下对应的点阵为：宽x高=8x16   --*/
  33          0x00,0x00,0x01,0x01,0x01,0x01,0x00,0x00,0x00,0xF8,0x04,0x04,0x04,0x04,0xF8,0x00,
  34          
  35          
  36          
  37          };
  38          
  39          void setP0(uchar num){
  40   1              uchar i=0,num1=0;
  41   1              for(;i<8;i++){
  42   2                      num1*=2;
  43   2                      num1+=num%2;
  44   2                      num/=2;
  45   2              }
  46   1              P0=num1;
  47   1      }
  48          void setP2(uchar num){
  49   1              P2=num;
  50   1      }
  51          void setLed(uint num){
  52   1              P0=num%0xff;
  53   1              P2=num/0xff;
  54   1      }
  55          void delayUs(unsigned char d){
C51 COMPILER V9.01   ROCKINGSTICK                                                          09/28/2019 17:37:04 PAGE 2   

  56   1              while(--d);
  57   1      }
  58          
  59          void delayMs(unsigned char d){
  60   1              while(d--){
  61   2                      delayUs(248);
  62   2                      delayUs(248);
  63   2              }
  64   1      }
  65          void main(){
  66   1              uchar i,j,le,ver;
  67   1              P2=0x00;
  68   1              P0=0x00;
  69   1              if(level_key)le=1;else le=0;
  70   1              if(vertical_key)ver=1;else ver=0;       
  71   1              while(1){
  72   2                      while(1){
  73   3                              if(level_key&&!vertical_key){
  74   4                                      delayUs(100);
  75   4                                      if(!level_key)
  76   4                                      break;
  77   4                              }
  78   3                      }
  79   2                      delayMs(30);
  80   2                      for(i=0;i<sizeof(text)/16;i++)
  81   2                              for(j=0;j<8;j++){
  82   3                                      setP0(text[i*16+j]);
  83   3                                      setP2(text[i*16+j+8]);
  84   3                                      delayMs(2);
  85   3                              }
  86   2              }
  87   1      }


MODULE INFORMATION:   STATIC OVERLAYABLE
   CODE SIZE        =    203    ----
   CONSTANT SIZE    =    112    ----
   XDATA SIZE       =   ----    ----
   PDATA SIZE       =   ----    ----
   DATA SIZE        =   ----    ----
   IDATA SIZE       =   ----    ----
   BIT SIZE         =   ----    ----
END OF MODULE INFORMATION.


C51 COMPILATION COMPLETE.  0 WARNING(S),  0 ERROR(S)
